# JRE version: OpenJDK Runtime Environment (21.0.8) (build 21.0.8+-14196175-b1038.72)
# Java VM: OpenJDK 64-Bit Server VM (21.0.8+-14196175-b1038.72, mixed mode, tiered, compressed oops, compressed class ptrs, g1 gc, windows-amd64)
GC Precious Log:
 CardTable entry size: 512
 Card Set container configuration: InlinePtr #cards 5 size 8 Array Of Cards #cards 12 size 40 Howl #buckets 4 coarsen threshold 1843 Howl Bitmap #cards 512 size 80 coarsen threshold 460 Card regions per heap region 1 cards per card region 2048
 CPUs: 4 total, 4 available
 Memory: 8060M
 Large Page Support: Disabled
 NUMA Support: Disabled
 Compressed Oops: Enabled (32-bit)
 Heap Region Size: 1M
 Heap Min Capacity: 8M
 Heap Initial Capacity: 126M
 Heap Max Capacity: 2016M
 Pre-touch: Disabled
 Parallel Workers: 4
 Concurrent Workers: 1
 Concurrent Refinement Workers: 4
 Periodic GC: Disabled
Heap:
 garbage-first heap   total 88064K, used 53596K [0x0000000082000000, 0x0000000100000000)
  region size 1024K, 11 young (11264K), 4 survivors (4096K)
 Metaspace       used 58918K, committed 59200K, reserved 1114112K
  class space    used 6849K, committed 6976K, reserved 1048576K
GC Heap History (20 events):
Event: 28.936 GC heap before
{Heap before GC invocations=12 (full 0):
 garbage-first heap   total 38912K, used 25881K [0x0000000082000000, 0x0000000100000000)
  region size 1024K, 9 young (9216K), 2 survivors (2048K)
 Metaspace       used 47760K, committed 48064K, reserved 1114112K
  class space    used 5670K, committed 5824K, reserved 1048576K
}
Event: 28.947 GC heap after
{Heap after GC invocations=13 (full 0):
 garbage-first heap   total 38912K, used 21107K [0x0000000082000000, 0x0000000100000000)
  region size 1024K, 2 young (2048K), 2 survivors (2048K)
 Metaspace       used 47760K, committed 48064K, reserved 1114112K
  class space    used 5670K, committed 5824K, reserved 1048576K
}
Event: 29.906 GC heap before
{Heap before GC invocations=14 (full 0):
 garbage-first heap   total 38912K, used 34419K [0x0000000082000000, 0x0000000100000000)
  region size 1024K, 14 young (14336K), 2 survivors (2048K)
 Metaspace       used 47768K, committed 48064K, reserved 1114112K
  class space    used 5671K, committed 5824K, reserved 1048576K
}
Event: 29.927 GC heap after
{Heap after GC invocations=15 (full 0):
 garbage-first heap   total 41984K, used 26914K [0x0000000082000000, 0x0000000100000000)
  region size 1024K, 2 young (2048K), 2 survivors (2048K)
 Metaspace       used 47768K, committed 48064K, reserved 1114112K
  class space    used 5671K, committed 5824K, reserved 1048576K
}
Event: 30.156 GC heap before
{Heap before GC invocations=15 (full 0):
 garbage-first heap   total 41984K, used 34082K [0x0000000082000000, 0x0000000100000000)
  region size 1024K, 10 young (10240K), 2 survivors (2048K)
 Metaspace       used 47826K, committed 48128K, reserved 1114112K
  class space    used 5671K, committed 5824K, reserved 1048576K
}
Event: 30.177 GC heap after
{Heap after GC invocations=16 (full 0):
 garbage-first heap   total 41984K, used 30208K [0x0000000082000000, 0x0000000100000000)
  region size 1024K, 2 young (2048K), 2 survivors (2048K)
 Metaspace       used 47826K, committed 48128K, reserved 1114112K
  class space    used 5671K, committed 5824K, reserved 1048576K
}
Event: 30.557 GC heap before
{Heap before GC invocations=16 (full 0):
 garbage-first heap   total 41984K, used 35328K [0x0000000082000000, 0x0000000100000000)
  region size 1024K, 7 young (7168K), 2 survivors (2048K)
 Metaspace       used 47853K, committed 48128K, reserved 1114112K
  class space    used 5671K, committed 5824K, reserved 1048576K
}
Event: 30.568 GC heap after
{Heap after GC invocations=17 (full 0):
 garbage-first heap   total 41984K, used 32597K [0x0000000082000000, 0x0000000100000000)
  region size 1024K, 1 young (1024K), 1 survivors (1024K)
 Metaspace       used 47853K, committed 48128K, reserved 1114112K
  class space    used 5671K, committed 5824K, reserved 1048576K
}
Event: 31.250 GC heap before
{Heap before GC invocations=18 (full 0):
 garbage-first heap   total 55296K, used 36693K [0x0000000082000000, 0x0000000100000000)
  region size 1024K, 5 young (5120K), 1 survivors (1024K)
 Metaspace       used 48069K, committed 48320K, reserved 1114112K
  class space    used 5700K, committed 5824K, reserved 1048576K
}
Event: 31.258 GC heap after
{Heap after GC invocations=19 (full 0):
 garbage-first heap   total 55296K, used 33756K [0x0000000082000000, 0x0000000100000000)
  region size 1024K, 1 young (1024K), 1 survivors (1024K)
 Metaspace       used 48069K, committed 48320K, reserved 1114112K
  class space    used 5700K, committed 5824K, reserved 1048576K
}
Event: 34.597 GC heap before
{Heap before GC invocations=19 (full 0):
 garbage-first heap   total 55296K, used 45020K [0x0000000082000000, 0x0000000100000000)
  region size 1024K, 13 young (13312K), 1 survivors (1024K)
 Metaspace       used 50921K, committed 51136K, reserved 1114112K
  class space    used 6016K, committed 6144K, reserved 1048576K
}
Event: 34.609 GC heap after
{Heap after GC invocations=20 (full 0):
 garbage-first heap   total 55296K, used 34355K [0x0000000082000000, 0x0000000100000000)
  region size 1024K, 2 young (2048K), 2 survivors (2048K)
 Metaspace       used 50921K, committed 51136K, reserved 1114112K
  class space    used 6016K, committed 6144K, reserved 1048576K
}
Event: 38.755 GC heap before
{Heap before GC invocations=20 (full 0):
 garbage-first heap   total 55296K, used 45619K [0x0000000082000000, 0x0000000100000000)
  region size 1024K, 14 young (14336K), 2 survivors (2048K)
 Metaspace       used 53140K, committed 53440K, reserved 1114112K
  class space    used 6288K, committed 6400K, reserved 1048576K
}
Event: 38.768 GC heap after
{Heap after GC invocations=21 (full 0):
 garbage-first heap   total 55296K, used 36114K [0x0000000082000000, 0x0000000100000000)
  region size 1024K, 2 young (2048K), 2 survivors (2048K)
 Metaspace       used 53140K, committed 53440K, reserved 1114112K
  class space    used 6288K, committed 6400K, reserved 1048576K
}
Event: 42.278 GC heap before
{Heap before GC invocations=22 (full 0):
 garbage-first heap   total 61440K, used 46354K [0x0000000082000000, 0x0000000100000000)
  region size 1024K, 13 young (13312K), 2 survivors (2048K)
 Metaspace       used 54380K, committed 54656K, reserved 1114112K
  class space    used 6449K, committed 6592K, reserved 1048576K
}
Event: 42.313 GC heap after
{Heap after GC invocations=23 (full 0):
 garbage-first heap   total 61440K, used 38442K [0x0000000082000000, 0x0000000100000000)
  region size 1024K, 2 young (2048K), 2 survivors (2048K)
 Metaspace       used 54380K, committed 54656K, reserved 1114112K
  class space    used 6449K, committed 6592K, reserved 1048576K
}
Event: 45.059 GC heap before
{Heap before GC invocations=23 (full 0):
 garbage-first heap   total 61440K, used 51754K [0x0000000082000000, 0x0000000100000000)
  region size 1024K, 16 young (16384K), 2 survivors (2048K)
 Metaspace       used 55095K, committed 55424K, reserved 1114112K
  class space    used 6509K, committed 6656K, reserved 1048576K
}
Event: 45.078 GC heap after
{Heap after GC invocations=24 (full 0):
 garbage-first heap   total 88064K, used 41730K [0x0000000082000000, 0x0000000100000000)
  region size 1024K, 2 young (2048K), 2 survivors (2048K)
 Metaspace       used 55095K, committed 55424K, reserved 1114112K
  class space    used 6509K, committed 6656K, reserved 1048576K
}
Event: 54.205 GC heap before
{Heap before GC invocations=24 (full 0):
 garbage-first heap   total 88064K, used 69378K [0x0000000082000000, 0x0000000100000000)
  region size 1024K, 30 young (30720K), 2 survivors (2048K)
 Metaspace       used 57404K, committed 57664K, reserved 1114112K
  class space    used 6647K, committed 6784K, reserved 1048576K
}
Event: 54.233 GC heap after
{Heap after GC invocations=25 (full 0):
 garbage-first heap   total 88064K, used 47452K [0x0000000082000000, 0x0000000100000000)
  region size 1024K, 4 young (4096K), 4 survivors (4096K)
 Metaspace       used 57404K, committed 57664K, reserved 1114112K
  class space    used 6647K, committed 6784K, reserved 1048576K
}

